This is pdfTeX, Version 3.14159265-2.6-1.40.21 (TeX Live 2020) (preloaded format=pdflatex 2021.8.18)  22 OCT 2021 22:48
entering extended mode
 restricted \write18 enabled.
 file:line:error style messages enabled.
 %&-line parsing enabled.
**LydexHeadFoot.sty
(./LydexHeadFoot.sty
LaTeX2e <2020-02-02> patch level 5
L3 programming layer <2020-04-06>

LaTeX Warning: You have requested package `',
               but the package provides `LydexHeadFoot'.

Package: LydexHeadFoot 2021/10/14 Lydex Package for Header and Footer
(/usr/share/texlive/texmf-dist/tex/latex/fancyhdr/fancyhdr.sty
Package: fancyhdr 2019/01/31 v3.10 Extensive control of page headers and footer
s
\f@nch@headwidth=\skip47
\f@nch@O@elh=\skip48
\f@nch@O@erh=\skip49
\f@nch@O@olh=\skip50
\f@nch@O@orh=\skip51
\f@nch@O@elf=\skip52
\f@nch@O@erf=\skip53
\f@nch@O@olf=\skip54
\f@nch@O@orf=\skip55
))
! Emergency stop.
<*> LydexHeadFoot.sty
                     
*** (job aborted, no legal \end found)

 
Here is how much of TeX's memory you used:
 161 strings out of 482555
 2085 string characters out of 5952145
 234651 words of memory out of 6000000
 15898 multiletter control sequences out of 15000+600000
 532338 words of font info for 24 fonts, out of 8000000 for 9000
 14 hyphenation exceptions out of 8191
 22i,0n,45p,122b,10s stack positions out of 5000i,500n,10000p,200000b,80000s
!  ==> Fatal error occurred, no output PDF file produced!
